<?xml version="1.0" encoding="UTF-8"?>
<!-- Generated by org.testng.reporters.JUnitXMLReporter -->
<testsuite ignored="2" hostname="LAPTOP-FS6UVJRH" failures="0" tests="3" name="End to End Test (Chrome)" time="35.08" errors="0" timestamp="2023-08-08T11:23:02 PST">
  <testcase classname="com.mystore.testcases.LoginPageTest" name="loginTest" time="12.236"/>
  <testcase classname="com.mystore.testcases.IndexPageTest" name="verifyLogo" time="0.151"/>
  <testcase classname="com.mystore.testcases.IndexPageTest" name="verifyTitle" time="0.032"/>
  <testcase classname="com.mystore.base.BaseClass" name="@BeforeTest loadConfig" time="0.0">
    <ignored/>
  </testcase> <!-- @BeforeTest loadConfig -->
  <testcase classname="com.mystore.base.BaseClass" name="@BeforeSuite beforeSuite" time="0.0">
    <ignored/>
  </testcase> <!-- @BeforeSuite beforeSuite -->
</testsuite> <!-- End to End Test (Chrome) -->
