<?xml version="1.0" encoding="UTF-8"?>
<!-- Generated by org.testng.reporters.JUnitXMLReporter -->
<testsuite ignored="2" hostname="LAPTOP-FS6UVJRH" failures="0" tests="3" name="End to End Test (Edge)" time="29.214" errors="0" timestamp="2023-08-08T11:24:15 PST">
  <testcase classname="com.mystore.testcases.LoginPageTest" name="loginTest" time="11.125"/>
  <testcase classname="com.mystore.testcases.IndexPageTest" name="verifyLogo" time="0.231"/>
  <testcase classname="com.mystore.testcases.IndexPageTest" name="verifyTitle" time="0.022"/>
  <testcase classname="com.mystore.base.BaseClass" name="@BeforeSuite beforeSuite" time="0.0">
    <ignored/>
  </testcase> <!-- @BeforeSuite beforeSuite -->
  <testcase classname="com.mystore.base.BaseClass" name="@BeforeTest loadConfig" time="0.0">
    <ignored/>
  </testcase> <!-- @BeforeTest loadConfig -->
</testsuite> <!-- End to End Test (Edge) -->
