<?xml version="1.0" encoding="UTF-8"?>
<!-- Generated by org.testng.reporters.JUnitXMLReporter -->
<testsuite ignored="2" hostname="LAPTOP-FS6UVJRH" failures="0" tests="3" name="Test" time="25.828" errors="0" timestamp="2023-08-08T10:21:02 PST">
  <testcase classname="com.mystore.testcases.LoginPageTest" name="loginTest" time="3.512"/>
  <testcase classname="com.mystore.testcases.IndexPageTest" name="verifyLogo" time="0.073"/>
  <testcase classname="com.mystore.testcases.IndexPageTest" name="verifyTitle" time="0.009"/>
  <testcase classname="com.mystore.base.BaseClass" name="@BeforeTest loadConfig" time="0.0">
    <ignored/>
  </testcase> <!-- @BeforeTest loadConfig -->
  <testcase classname="com.mystore.base.BaseClass" name="@BeforeSuite beforeSuite" time="0.0">
    <ignored/>
  </testcase> <!-- @BeforeSuite beforeSuite -->
</testsuite> <!-- Test -->
